DEBUG:urllib3.connectionpool:Starting new HTTPS connection (1): api.zotero.org:443
DEBUG:urllib3.connectionpool:https://api.zotero.org:443 "GET /groups/4370742/items?limit=1&format=json HTTP/1.1" 200 992
DEBUG:urllib3.connectionpool:Starting new HTTPS connection (1): api.zotero.org:443
DEBUG:urllib3.connectionpool:https://api.zotero.org:443 "GET /groups/4370742/collections/SDJEAQA5?format=json&limit=100 HTTP/1.1" 200 328
DEBUG:urllib3.connectionpool:Starting new HTTPS connection (1): api.zotero.org:443
DEBUG:urllib3.connectionpool:https://api.zotero.org:443 "GET /groups/4370742/collections/SDJEAQA5/collections?format=json&limit=100 HTTP/1.1" 200 569
DEBUG:urllib3.connectionpool:Starting new HTTPS connection (1): api.zotero.org:443
DEBUG:urllib3.connectionpool:https://api.zotero.org:443 "GET /groups/4370742/collections/6NU5SE7F/collections?format=json&limit=100 HTTP/1.1" 200 2
DEBUG:urllib3.connectionpool:Starting new HTTPS connection (1): api.zotero.org:443
DEBUG:urllib3.connectionpool:https://api.zotero.org:443 "GET /groups/4370742/collections/WS2YHYTP/collections?format=json&limit=100 HTTP/1.1" 200 2
DEBUG:urllib3.connectionpool:Starting new HTTPS connection (1): api.zotero.org:443
DEBUG:urllib3.connectionpool:https://api.zotero.org:443 "GET /groups/4370742/collections/BPJ93WBA/collections?format=json&limit=100 HTTP/1.1" 200 2
DEBUG:urllib3.connectionpool:Starting new HTTPS connection (1): api.zotero.org:443
DEBUG:urllib3.connectionpool:https://api.zotero.org:443 "GET /groups/4370742/collections/J7QV4FL5/collections?format=json&limit=100 HTTP/1.1" 200 2
DEBUG:urllib3.connectionpool:Starting new HTTPS connection (1): api.zotero.org:443
DEBUG:urllib3.connectionpool:https://api.zotero.org:443 "GET /groups/4370742/collections/SDJEAQA5/items?order=date&sort=desc&format=json&limit=100 HTTP/1.1" 200 20594
DEBUG:urllib3.connectionpool:Starting new HTTPS connection (1): api.zotero.org:443
DEBUG:urllib3.connectionpool:https://api.zotero.org:443 "GET /groups/4370742/collections/SDJEAQA5/items?limit=100&sort=date&start=100 HTTP/1.1" 200 21968
DEBUG:urllib3.connectionpool:Starting new HTTPS connection (1): api.zotero.org:443
DEBUG:urllib3.connectionpool:https://api.zotero.org:443 "GET /groups/4370742/collections/SDJEAQA5/items?limit=100&sort=date&start=200 HTTP/1.1" 200 22427
DEBUG:urllib3.connectionpool:Starting new HTTPS connection (1): api.zotero.org:443
DEBUG:urllib3.connectionpool:https://api.zotero.org:443 "GET /groups/4370742/collections/SDJEAQA5/items?limit=100&sort=date&start=300 HTTP/1.1" 200 18364
DEBUG:urllib3.connectionpool:Starting new HTTPS connection (1): api.zotero.org:443
DEBUG:urllib3.connectionpool:https://api.zotero.org:443 "GET /groups/4370742/collections/SDJEAQA5/items?limit=100&sort=date&start=400 HTTP/1.1" 200 14722
DEBUG:urllib3.connectionpool:Starting new HTTPS connection (1): api.zotero.org:443
DEBUG:urllib3.connectionpool:https://api.zotero.org:443 "GET /groups/4370742/collections/SDJEAQA5/items?limit=100&sort=date&start=500 HTTP/1.1" 200 6377
DEBUG:urllib3.connectionpool:Starting new HTTPS connection (1): api.zotero.org:443
DEBUG:urllib3.connectionpool:https://api.zotero.org:443 "GET /groups/4370742/collections/SDJEAQA5/items?limit=100&sort=date&start=600 HTTP/1.1" 200 7320
DEBUG:urllib3.connectionpool:Starting new HTTPS connection (1): api.zotero.org:443
DEBUG:urllib3.connectionpool:https://api.zotero.org:443 "GET /groups/4370742/collections/SDJEAQA5/items?limit=100&sort=date&start=700 HTTP/1.1" 200 7363
DEBUG:urllib3.connectionpool:Starting new HTTPS connection (1): api.zotero.org:443
DEBUG:urllib3.connectionpool:https://api.zotero.org:443 "GET /groups/4370742/collections/SDJEAQA5/items?limit=100&sort=date&start=800 HTTP/1.1" 200 3138
DEBUG:urllib3.connectionpool:Starting new HTTPS connection (1): api.zotero.org:443
DEBUG:urllib3.connectionpool:https://api.zotero.org:443 "GET /groups/4370742/collections/SDJEAQA5/items?order=date&sort=desc&content=bibtex&style=&format=atom&limit=100 HTTP/1.1" 200 18307
DEBUG:urllib3.connectionpool:Starting new HTTPS connection (1): api.zotero.org:443
DEBUG:urllib3.connectionpool:https://api.zotero.org:443 "GET /groups/4370742/collections/SDJEAQA5/items?content=bibtex&format=atom&limit=100&sort=date&start=100 HTTP/1.1" 200 20021
DEBUG:urllib3.connectionpool:Starting new HTTPS connection (1): api.zotero.org:443
DEBUG:urllib3.connectionpool:https://api.zotero.org:443 "GET /groups/4370742/collections/SDJEAQA5/items?content=bibtex&format=atom&limit=100&sort=date&start=200 HTTP/1.1" 200 20115
DEBUG:urllib3.connectionpool:Starting new HTTPS connection (1): api.zotero.org:443
DEBUG:urllib3.connectionpool:https://api.zotero.org:443 "GET /groups/4370742/collections/SDJEAQA5/items?content=bibtex&format=atom&limit=100&sort=date&start=300 HTTP/1.1" 200 16520
DEBUG:urllib3.connectionpool:Starting new HTTPS connection (1): api.zotero.org:443
DEBUG:urllib3.connectionpool:https://api.zotero.org:443 "GET /groups/4370742/collections/SDJEAQA5/items?content=bibtex&format=atom&limit=100&sort=date&start=400 HTTP/1.1" 200 4956
DEBUG:urllib3.connectionpool:Starting new HTTPS connection (1): api.zotero.org:443
DEBUG:urllib3.connectionpool:https://api.zotero.org:443 "GET /groups/4370742/collections/SDJEAQA5/items?content=bibtex&format=atom&limit=100&sort=date&start=500 HTTP/1.1" 200 4530
DEBUG:urllib3.connectionpool:Starting new HTTPS connection (1): api.zotero.org:443
DEBUG:urllib3.connectionpool:https://api.zotero.org:443 "GET /groups/4370742/collections/SDJEAQA5/items?content=bibtex&format=atom&limit=100&sort=date&start=600 HTTP/1.1" 200 4782
DEBUG:urllib3.connectionpool:Starting new HTTPS connection (1): api.zotero.org:443
DEBUG:urllib3.connectionpool:https://api.zotero.org:443 "GET /groups/4370742/collections/SDJEAQA5/items?content=bibtex&format=atom&limit=100&sort=date&start=700 HTTP/1.1" 200 4809
DEBUG:urllib3.connectionpool:Starting new HTTPS connection (1): api.zotero.org:443
DEBUG:urllib3.connectionpool:https://api.zotero.org:443 "GET /groups/4370742/collections/SDJEAQA5/items?content=bibtex&format=atom&limit=100&sort=date&start=800 HTTP/1.1" 200 2491
DEBUG:urllib3.connectionpool:Starting new HTTPS connection (1): api.zotero.org:443
DEBUG:urllib3.connectionpool:https://api.zotero.org:443 "GET /groups/4370742/collections/SDJEAQA5/items?order=date&sort=desc&content=bib&style=chicago-author-date&format=atom&limit=100 HTTP/1.1" 200 14757
DEBUG:urllib3.connectionpool:Starting new HTTPS connection (1): api.zotero.org:443
DEBUG:urllib3.connectionpool:https://api.zotero.org:443 "GET /groups/4370742/collections/SDJEAQA5/items?content=bib&format=atom&limit=100&sort=date&start=100&style=chicago-author-date HTTP/1.1" 200 16434
DEBUG:urllib3.connectionpool:Starting new HTTPS connection (1): api.zotero.org:443
DEBUG:urllib3.connectionpool:https://api.zotero.org:443 "GET /groups/4370742/collections/SDJEAQA5/items?content=bib&format=atom&limit=100&sort=date&start=200&style=chicago-author-date HTTP/1.1" 200 16004
DEBUG:urllib3.connectionpool:Starting new HTTPS connection (1): api.zotero.org:443
DEBUG:urllib3.connectionpool:https://api.zotero.org:443 "GET /groups/4370742/collections/SDJEAQA5/items?content=bib&format=atom&limit=100&sort=date&start=300&style=chicago-author-date HTTP/1.1" 200 13762
DEBUG:urllib3.connectionpool:Starting new HTTPS connection (1): api.zotero.org:443
DEBUG:urllib3.connectionpool:https://api.zotero.org:443 "GET /groups/4370742/collections/SDJEAQA5/items?content=bib&format=atom&limit=100&sort=date&start=400&style=chicago-author-date HTTP/1.1" 200 5728
DEBUG:urllib3.connectionpool:Starting new HTTPS connection (1): api.zotero.org:443
DEBUG:urllib3.connectionpool:https://api.zotero.org:443 "GET /groups/4370742/collections/SDJEAQA5/items?content=bib&format=atom&limit=100&sort=date&start=500&style=chicago-author-date HTTP/1.1" 200 5189
DEBUG:urllib3.connectionpool:Starting new HTTPS connection (1): api.zotero.org:443
DEBUG:urllib3.connectionpool:https://api.zotero.org:443 "GET /groups/4370742/collections/SDJEAQA5/items?content=bib&format=atom&limit=100&sort=date&start=600&style=chicago-author-date HTTP/1.1" 200 5564
DEBUG:urllib3.connectionpool:Starting new HTTPS connection (1): api.zotero.org:443
DEBUG:urllib3.connectionpool:https://api.zotero.org:443 "GET /groups/4370742/collections/SDJEAQA5/items?content=bib&format=atom&limit=100&sort=date&start=700&style=chicago-author-date HTTP/1.1" 200 5520
DEBUG:urllib3.connectionpool:Starting new HTTPS connection (1): api.zotero.org:443
DEBUG:urllib3.connectionpool:https://api.zotero.org:443 "GET /groups/4370742/collections/SDJEAQA5/items?content=bib&format=atom&limit=100&sort=date&start=800&style=chicago-author-date HTTP/1.1" 200 2872
DEBUG:urllib3.connectionpool:Starting new HTTPS connection (1): api.zotero.org:443
DEBUG:urllib3.connectionpool:https://api.zotero.org:443 "GET /groups/4370742/collections/SDJEAQA5/items?order=date&sort=desc&content=coins&format=atom&limit=100 HTTP/1.1" 200 18761
DEBUG:urllib3.connectionpool:Starting new HTTPS connection (1): api.zotero.org:443
DEBUG:urllib3.connectionpool:https://api.zotero.org:443 "GET /groups/4370742/collections/SDJEAQA5/items?content=coins&format=atom&limit=100&sort=date&start=100 HTTP/1.1" 200 21295
DEBUG:urllib3.connectionpool:Starting new HTTPS connection (1): api.zotero.org:443
DEBUG:urllib3.connectionpool:https://api.zotero.org:443 "GET /groups/4370742/collections/SDJEAQA5/items?content=coins&format=atom&limit=100&sort=date&start=200 HTTP/1.1" 200 21008
DEBUG:urllib3.connectionpool:Starting new HTTPS connection (1): api.zotero.org:443
DEBUG:urllib3.connectionpool:https://api.zotero.org:443 "GET /groups/4370742/collections/SDJEAQA5/items?content=coins&format=atom&limit=100&sort=date&start=300 HTTP/1.1" 200 17261
DEBUG:urllib3.connectionpool:Starting new HTTPS connection (1): api.zotero.org:443
DEBUG:urllib3.connectionpool:https://api.zotero.org:443 "GET /groups/4370742/collections/SDJEAQA5/items?content=coins&format=atom&limit=100&sort=date&start=400 HTTP/1.1" 200 5359
DEBUG:urllib3.connectionpool:Starting new HTTPS connection (1): api.zotero.org:443
DEBUG:urllib3.connectionpool:https://api.zotero.org:443 "GET /groups/4370742/collections/SDJEAQA5/items?content=coins&format=atom&limit=100&sort=date&start=500 HTTP/1.1" 200 4910
DEBUG:urllib3.connectionpool:Starting new HTTPS connection (1): api.zotero.org:443
DEBUG:urllib3.connectionpool:https://api.zotero.org:443 "GET /groups/4370742/collections/SDJEAQA5/items?content=coins&format=atom&limit=100&sort=date&start=600 HTTP/1.1" 200 5237
DEBUG:urllib3.connectionpool:Starting new HTTPS connection (1): api.zotero.org:443
DEBUG:urllib3.connectionpool:https://api.zotero.org:443 "GET /groups/4370742/collections/SDJEAQA5/items?content=coins&format=atom&limit=100&sort=date&start=700 HTTP/1.1" 200 5216
DEBUG:urllib3.connectionpool:Starting new HTTPS connection (1): api.zotero.org:443
DEBUG:urllib3.connectionpool:https://api.zotero.org:443 "GET /groups/4370742/collections/SDJEAQA5/items?content=coins&format=atom&limit=100&sort=date&start=800 HTTP/1.1" 200 2734
DEBUG:urllib3.connectionpool:Starting new HTTPS connection (1): api.zotero.org:443
DEBUG:urllib3.connectionpool:https://api.zotero.org:443 "GET /groups/4370742/collections/6NU5SE7F/items?order=date&sort=desc&format=json&limit=100 HTTP/1.1" 200 26103
DEBUG:urllib3.connectionpool:Starting new HTTPS connection (1): api.zotero.org:443
DEBUG:urllib3.connectionpool:https://api.zotero.org:443 "GET /groups/4370742/collections/6NU5SE7F/items?limit=100&sort=date&start=100 HTTP/1.1" 200 27835
DEBUG:urllib3.connectionpool:Starting new HTTPS connection (1): api.zotero.org:443
DEBUG:urllib3.connectionpool:https://api.zotero.org:443 "GET /groups/4370742/collections/6NU5SE7F/items?limit=100&sort=date&start=200 HTTP/1.1" 200 25428
DEBUG:urllib3.connectionpool:Starting new HTTPS connection (1): api.zotero.org:443
DEBUG:urllib3.connectionpool:Starting new HTTPS connection (1): api.zotero.org:443
DEBUG:urllib3.connectionpool:https://api.zotero.org:443 "GET /groups/4370742/items?limit=1&format=json HTTP/1.1" 200 992
DEBUG:urllib3.connectionpool:Starting new HTTPS connection (1): api.zotero.org:443
DEBUG:urllib3.connectionpool:https://api.zotero.org:443 "GET /groups/4370742/collections/2RHGVQLI?format=json&limit=100 HTTP/1.1" 200 330
DEBUG:urllib3.connectionpool:Starting new HTTPS connection (1): api.zotero.org:443
DEBUG:urllib3.connectionpool:https://api.zotero.org:443 "GET /groups/4370742/collections/2RHGVQLI/collections?format=json&limit=100 HTTP/1.1" 200 2
DEBUG:urllib3.connectionpool:Starting new HTTPS connection (1): api.zotero.org:443
DEBUG:urllib3.connectionpool:https://api.zotero.org:443 "GET /groups/4370742/collections/2RHGVQLI/items?order=date&sort=desc&format=json&limit=100 HTTP/1.1" 200 47000
DEBUG:urllib3.connectionpool:Starting new HTTPS connection (1): api.zotero.org:443
DEBUG:urllib3.connectionpool:https://api.zotero.org:443 "GET /groups/4370742/collections/2RHGVQLI/items?limit=100&sort=date&start=100 HTTP/1.1" 200 38656
DEBUG:urllib3.connectionpool:Starting new HTTPS connection (1): api.zotero.org:443
DEBUG:urllib3.connectionpool:https://api.zotero.org:443 "GET /groups/4370742/collections/2RHGVQLI/items?limit=100&sort=date&start=200 HTTP/1.1" 200 34064
DEBUG:urllib3.connectionpool:Starting new HTTPS connection (1): api.zotero.org:443
DEBUG:urllib3.connectionpool:https://api.zotero.org:443 "GET /groups/4370742/collections/2RHGVQLI/items?limit=100&sort=date&start=300 HTTP/1.1" 200 29384
DEBUG:urllib3.connectionpool:Starting new HTTPS connection (1): api.zotero.org:443
DEBUG:urllib3.connectionpool:https://api.zotero.org:443 "GET /groups/4370742/collections/2RHGVQLI/items?limit=100&sort=date&start=400 HTTP/1.1" 200 34458
DEBUG:urllib3.connectionpool:Starting new HTTPS connection (1): api.zotero.org:443
DEBUG:urllib3.connectionpool:https://api.zotero.org:443 "GET /groups/4370742/collections/2RHGVQLI/items?limit=100&sort=date&start=500 HTTP/1.1" 200 28495
DEBUG:urllib3.connectionpool:Starting new HTTPS connection (1): api.zotero.org:443
DEBUG:urllib3.connectionpool:https://api.zotero.org:443 "GET /groups/4370742/collections/2RHGVQLI/items?limit=100&sort=date&start=600 HTTP/1.1" 200 24464
DEBUG:urllib3.connectionpool:Starting new HTTPS connection (1): api.zotero.org:443
DEBUG:urllib3.connectionpool:https://api.zotero.org:443 "GET /groups/4370742/collections/2RHGVQLI/items?limit=100&sort=date&start=700 HTTP/1.1" 200 18137
DEBUG:urllib3.connectionpool:Starting new HTTPS connection (1): api.zotero.org:443
DEBUG:urllib3.connectionpool:https://api.zotero.org:443 "GET /groups/4370742/collections/2RHGVQLI/items?limit=100&sort=date&start=800 HTTP/1.1" 200 16265
DEBUG:urllib3.connectionpool:Starting new HTTPS connection (1): api.zotero.org:443
DEBUG:urllib3.connectionpool:https://api.zotero.org:443 "GET /groups/4370742/collections/2RHGVQLI/items?limit=100&sort=date&start=900 HTTP/1.1" 200 17676
DEBUG:urllib3.connectionpool:Starting new HTTPS connection (1): api.zotero.org:443
DEBUG:urllib3.connectionpool:https://api.zotero.org:443 "GET /groups/4370742/collections/2RHGVQLI/items?order=date&sort=desc&content=bibtex&style=&format=atom&limit=100 HTTP/1.1" 200 42741
DEBUG:urllib3.connectionpool:Starting new HTTPS connection (1): api.zotero.org:443
DEBUG:urllib3.connectionpool:https://api.zotero.org:443 "GET /groups/4370742/collections/2RHGVQLI/items?content=bibtex&format=atom&limit=100&sort=date&start=100 HTTP/1.1" 200 35231
DEBUG:urllib3.connectionpool:Starting new HTTPS connection (1): api.zotero.org:443
DEBUG:urllib3.connectionpool:https://api.zotero.org:443 "GET /groups/4370742/collections/2RHGVQLI/items?content=bibtex&format=atom&limit=100&sort=date&start=200 HTTP/1.1" 200 31014
DEBUG:urllib3.connectionpool:Starting new HTTPS connection (1): api.zotero.org:443
DEBUG:urllib3.connectionpool:https://api.zotero.org:443 "GET /groups/4370742/collections/2RHGVQLI/items?content=bibtex&format=atom&limit=100&sort=date&start=300 HTTP/1.1" 200 26306
DEBUG:urllib3.connectionpool:Starting new HTTPS connection (1): api.zotero.org:443
DEBUG:urllib3.connectionpool:https://api.zotero.org:443 "GET /groups/4370742/collections/2RHGVQLI/items?content=bibtex&format=atom&limit=100&sort=date&start=400 HTTP/1.1" 200 30908
DEBUG:urllib3.connectionpool:Starting new HTTPS connection (1): api.zotero.org:443
DEBUG:urllib3.connectionpool:https://api.zotero.org:443 "GET /groups/4370742/collections/2RHGVQLI/items?content=bibtex&format=atom&limit=100&sort=date&start=500 HTTP/1.1" 200 24989
DEBUG:urllib3.connectionpool:Starting new HTTPS connection (1): api.zotero.org:443
DEBUG:urllib3.connectionpool:https://api.zotero.org:443 "GET /groups/4370742/collections/2RHGVQLI/items?content=bibtex&format=atom&limit=100&sort=date&start=600 HTTP/1.1" 200 21354
DEBUG:urllib3.connectionpool:Starting new HTTPS connection (1): api.zotero.org:443
DEBUG:urllib3.connectionpool:https://api.zotero.org:443 "GET /groups/4370742/collections/2RHGVQLI/items?content=bibtex&format=atom&limit=100&sort=date&start=700 HTTP/1.1" 200 12089
DEBUG:urllib3.connectionpool:Starting new HTTPS connection (1): api.zotero.org:443
DEBUG:urllib3.connectionpool:https://api.zotero.org:443 "GET /groups/4370742/collections/2RHGVQLI/items?content=bibtex&format=atom&limit=100&sort=date&start=800 HTTP/1.1" 200 7102
DEBUG:urllib3.connectionpool:Starting new HTTPS connection (1): api.zotero.org:443
DEBUG:urllib3.connectionpool:https://api.zotero.org:443 "GET /groups/4370742/collections/2RHGVQLI/items?content=bibtex&format=atom&limit=100&sort=date&start=900 HTTP/1.1" 200 5897
DEBUG:urllib3.connectionpool:Starting new HTTPS connection (1): api.zotero.org:443
DEBUG:urllib3.connectionpool:https://api.zotero.org:443 "GET /groups/4370742/collections/2RHGVQLI/items?order=date&sort=desc&content=bib&style=chicago-author-date&format=atom&limit=100 HTTP/1.1" 200 18648
DEBUG:urllib3.connectionpool:Starting new HTTPS connection (1): api.zotero.org:443
